Analysis & Synthesis report for top_level
Mon Apr 24 13:16:11 2023
Quartus II 64-Bit Version 13.0.1 Build 232 06/12/2013 Service Pack 1 SJ Web Edition


---------------------
; Table of Contents ;
---------------------
  1. Legal Notice
  2. Analysis & Synthesis Summary
  3. Analysis & Synthesis Settings
  4. Parallel Compilation
  5. Analysis & Synthesis Source Files Read
  6. Analysis & Synthesis Resource Usage Summary
  7. Analysis & Synthesis Resource Utilization by Entity
  8. State Machine - |top_level|serial_uart:i_serial_uart|tx_state
  9. State Machine - |top_level|serial_uart:i_serial_uart|rx_state
 10. Registers Removed During Synthesis
 11. Removed Registers Triggering Further Register Optimizations
 12. General Register Statistics
 13. Inverted Register Statistics
 14. Multiplexer Restructuring Statistics (Restructuring Performed)
 15. Parameter Settings for User Entity Instance: serial_uart:i_serial_uart
 16. Port Connectivity Checks: "serial_uart:i_serial_uart"
 17. Elapsed Time Per Partition
 18. Analysis & Synthesis Messages



----------------
; Legal Notice ;
----------------
Copyright (C) 1991-2013 Altera Corporation
Your use of Altera Corporation's design tools, logic functions 
and other software and tools, and its AMPP partner logic 
functions, and any output files from any of the foregoing 
(including device programming or simulation files), and any 
associated documentation or information are expressly subject 
to the terms and conditions of the Altera Program License 
Subscription Agreement, Altera MegaCore Function License 
Agreement, or other applicable license agreement, including, 
without limitation, that your use is for the sole purpose of 
programming logic devices manufactured by Altera and sold by 
Altera or its authorized distributors.  Please refer to the 
applicable agreement for further details.



+--------------------------------------------------------------------------------------+
; Analysis & Synthesis Summary                                                         ;
+------------------------------------+-------------------------------------------------+
; Analysis & Synthesis Status        ; Successful - Mon Apr 24 13:16:11 2023           ;
; Quartus II 64-Bit Version          ; 13.0.1 Build 232 06/12/2013 SP 1 SJ Web Edition ;
; Revision Name                      ; top_level                                       ;
; Top-level Entity Name              ; top_level                                       ;
; Family                             ; Cyclone II                                      ;
; Total logic elements               ; 78                                              ;
;     Total combinational functions  ; 73                                              ;
;     Dedicated logic registers      ; 55                                              ;
; Total registers                    ; 55                                              ;
; Total pins                         ; 11                                              ;
; Total virtual pins                 ; 0                                               ;
; Total memory bits                  ; 0                                               ;
; Embedded Multiplier 9-bit elements ; 0                                               ;
; Total PLLs                         ; 0                                               ;
+------------------------------------+-------------------------------------------------+


+----------------------------------------------------------------------------------------------------------------------+
; Analysis & Synthesis Settings                                                                                        ;
+----------------------------------------------------------------------------+--------------------+--------------------+
; Option                                                                     ; Setting            ; Default Value      ;
+----------------------------------------------------------------------------+--------------------+--------------------+
; Device                                                                     ; EP2C20F484C7       ;                    ;
; Top-level entity name                                                      ; top_level          ; top_level          ;
; Family name                                                                ; Cyclone II         ; Cyclone IV GX      ;
; Use smart compilation                                                      ; Off                ; Off                ;
; Enable parallel Assembler and TimeQuest Timing Analyzer during compilation ; On                 ; On                 ;
; Enable compact report table                                                ; Off                ; Off                ;
; Restructure Multiplexers                                                   ; Auto               ; Auto               ;
; Create Debugging Nodes for IP Cores                                        ; Off                ; Off                ;
; Preserve fewer node names                                                  ; On                 ; On                 ;
; Disable OpenCore Plus hardware evaluation                                  ; Off                ; Off                ;
; Verilog Version                                                            ; Verilog_2001       ; Verilog_2001       ;
; VHDL Version                                                               ; VHDL_1993          ; VHDL_1993          ;
; State Machine Processing                                                   ; Auto               ; Auto               ;
; Safe State Machine                                                         ; Off                ; Off                ;
; Extract Verilog State Machines                                             ; On                 ; On                 ;
; Extract VHDL State Machines                                                ; On                 ; On                 ;
; Ignore Verilog initial constructs                                          ; Off                ; Off                ;
; Iteration limit for constant Verilog loops                                 ; 5000               ; 5000               ;
; Iteration limit for non-constant Verilog loops                             ; 250                ; 250                ;
; Add Pass-Through Logic to Inferred RAMs                                    ; On                 ; On                 ;
; Infer RAMs from Raw Logic                                                  ; On                 ; On                 ;
; Parallel Synthesis                                                         ; On                 ; On                 ;
; DSP Block Balancing                                                        ; Auto               ; Auto               ;
; NOT Gate Push-Back                                                         ; On                 ; On                 ;
; Power-Up Don't Care                                                        ; On                 ; On                 ;
; Remove Redundant Logic Cells                                               ; Off                ; Off                ;
; Remove Duplicate Registers                                                 ; On                 ; On                 ;
; Ignore CARRY Buffers                                                       ; Off                ; Off                ;
; Ignore CASCADE Buffers                                                     ; Off                ; Off                ;
; Ignore GLOBAL Buffers                                                      ; Off                ; Off                ;
; Ignore ROW GLOBAL Buffers                                                  ; Off                ; Off                ;
; Ignore LCELL Buffers                                                       ; Off                ; Off                ;
; Ignore SOFT Buffers                                                        ; On                 ; On                 ;
; Limit AHDL Integers to 32 Bits                                             ; Off                ; Off                ;
; Optimization Technique                                                     ; Balanced           ; Balanced           ;
; Carry Chain Length                                                         ; 70                 ; 70                 ;
; Auto Carry Chains                                                          ; On                 ; On                 ;
; Auto Open-Drain Pins                                                       ; On                 ; On                 ;
; Perform WYSIWYG Primitive Resynthesis                                      ; Off                ; Off                ;
; Auto ROM Replacement                                                       ; On                 ; On                 ;
; Auto RAM Replacement                                                       ; On                 ; On                 ;
; Auto Shift Register Replacement                                            ; Auto               ; Auto               ;
; Allow Shift Register Merging across Hierarchies                            ; Auto               ; Auto               ;
; Auto Clock Enable Replacement                                              ; On                 ; On                 ;
; Strict RAM Replacement                                                     ; Off                ; Off                ;
; Allow Synchronous Control Signals                                          ; On                 ; On                 ;
; Force Use of Synchronous Clear Signals                                     ; Off                ; Off                ;
; Auto RAM to Logic Cell Conversion                                          ; Off                ; Off                ;
; Auto Resource Sharing                                                      ; Off                ; Off                ;
; Allow Any RAM Size For Recognition                                         ; Off                ; Off                ;
; Allow Any ROM Size For Recognition                                         ; Off                ; Off                ;
; Allow Any Shift Register Size For Recognition                              ; Off                ; Off                ;
; Use LogicLock Constraints during Resource Balancing                        ; On                 ; On                 ;
; Ignore translate_off and synthesis_off directives                          ; Off                ; Off                ;
; Timing-Driven Synthesis                                                    ; Off                ; Off                ;
; Report Parameter Settings                                                  ; On                 ; On                 ;
; Report Source Assignments                                                  ; On                 ; On                 ;
; Report Connectivity Checks                                                 ; On                 ; On                 ;
; Ignore Maximum Fan-Out Assignments                                         ; Off                ; Off                ;
; Synchronization Register Chain Length                                      ; 2                  ; 2                  ;
; PowerPlay Power Optimization                                               ; Normal compilation ; Normal compilation ;
; HDL message level                                                          ; Level2             ; Level2             ;
; Suppress Register Optimization Related Messages                            ; Off                ; Off                ;
; Number of Removed Registers Reported in Synthesis Report                   ; 5000               ; 5000               ;
; Number of Swept Nodes Reported in Synthesis Report                         ; 5000               ; 5000               ;
; Number of Inverted Registers Reported in Synthesis Report                  ; 100                ; 100                ;
; Clock MUX Protection                                                       ; On                 ; On                 ;
; Auto Gated Clock Conversion                                                ; Off                ; Off                ;
; Block Design Naming                                                        ; Auto               ; Auto               ;
; SDC constraint protection                                                  ; Off                ; Off                ;
; Synthesis Effort                                                           ; Auto               ; Auto               ;
; Shift Register Replacement - Allow Asynchronous Clear Signal               ; On                 ; On                 ;
; Pre-Mapping Resynthesis Optimization                                       ; Off                ; Off                ;
; Analysis & Synthesis Message Level                                         ; Medium             ; Medium             ;
; Disable Register Merging Across Hierarchies                                ; Auto               ; Auto               ;
; Resource Aware Inference For Block RAM                                     ; On                 ; On                 ;
; Synthesis Seed                                                             ; 1                  ; 1                  ;
+----------------------------------------------------------------------------+--------------------+--------------------+


Parallel compilation was disabled, but you have multiple processors available. Enable parallel compilation to reduce compilation time.
+-------------------------------------+
; Parallel Compilation                ;
+----------------------------+--------+
; Processors                 ; Number ;
+----------------------------+--------+
; Number detected on machine ; 8      ;
; Maximum allowed            ; 1      ;
+----------------------------+--------+


+---------------------------------------------------------------------------------------------------------------------------------------------------------------------------+
; Analysis & Synthesis Source Files Read                                                                                                                                    ;
+----------------------------------+-----------------+-----------------+------------------------------------------------------------------------------------------+---------+
; File Name with User-Entered Path ; Used in Netlist ; File Type       ; File Name with Absolute Path                                                             ; Library ;
+----------------------------------+-----------------+-----------------+------------------------------------------------------------------------------------------+---------+
; seven_seg_pkg.vhd                ; yes             ; User VHDL File  ; C:/Users/Joel-/Desktop/Civ_Data/Digital_Electronics/VHDL/Labbar/Lab5/seven_seg_pkg.vhd   ;         ;
; serial_uart_rtl.vhd              ; yes             ; User VHDL File  ; C:/Users/Joel-/Desktop/Civ_Data/Digital_Electronics/VHDL/Labbar/Lab5/serial_uart_rtl.vhd ;         ;
; LED_Blink.vhd                    ; yes             ; User VHDL File  ; C:/Users/Joel-/Desktop/Civ_Data/Digital_Electronics/VHDL/Labbar/Lab5/LED_Blink.vhd       ;         ;
; top_level.vhd                    ; yes             ; User VHDL File  ; C:/Users/Joel-/Desktop/Civ_Data/Digital_Electronics/VHDL/Labbar/Lab5/top_level.vhd       ;         ;
+----------------------------------+-----------------+-----------------+------------------------------------------------------------------------------------------+---------+


+--------------------------------------------------------+
; Analysis & Synthesis Resource Usage Summary            ;
+---------------------------------------------+----------+
; Resource                                    ; Usage    ;
+---------------------------------------------+----------+
; Estimated Total logic elements              ; 78       ;
;                                             ;          ;
; Total combinational functions               ; 73       ;
; Logic element usage by number of LUT inputs ;          ;
;     -- 4 input functions                    ; 24       ;
;     -- 3 input functions                    ; 9        ;
;     -- <=2 input functions                  ; 40       ;
;                                             ;          ;
; Logic elements by mode                      ;          ;
;     -- normal mode                          ; 37       ;
;     -- arithmetic mode                      ; 36       ;
;                                             ;          ;
; Total registers                             ; 55       ;
;     -- Dedicated logic registers            ; 55       ;
;     -- I/O registers                        ; 0        ;
;                                             ;          ;
; I/O pins                                    ; 11       ;
; Embedded Multiplier 9-bit elements          ; 0        ;
; Maximum fan-out node                        ; clock_50 ;
; Maximum fan-out                             ; 55       ;
; Total fan-out                               ; 380      ;
; Average fan-out                             ; 2.73     ;
+---------------------------------------------+----------+


+--------------------------------------------------------------------------------------------------------------------------------------------------------------------------------------------------+
; Analysis & Synthesis Resource Utilization by Entity                                                                                                                                              ;
+--------------------------------+-------------------+--------------+-------------+--------------+---------+-----------+------+--------------+--------------------------------------+--------------+
; Compilation Hierarchy Node     ; LC Combinationals ; LC Registers ; Memory Bits ; DSP Elements ; DSP 9x9 ; DSP 18x18 ; Pins ; Virtual Pins ; Full Hierarchy Name                  ; Library Name ;
+--------------------------------+-------------------+--------------+-------------+--------------+---------+-----------+------+--------------+--------------------------------------+--------------+
; |top_level                     ; 73 (0)            ; 55 (3)       ; 0           ; 0            ; 0       ; 0         ; 11   ; 0            ; |top_level                           ; work         ;
;    |LED_Blink:i_LED_Blink|     ; 33 (33)           ; 27 (27)      ; 0           ; 0            ; 0       ; 0         ; 0    ; 0            ; |top_level|LED_Blink:i_LED_Blink     ; work         ;
;    |serial_uart:i_serial_uart| ; 40 (40)           ; 25 (25)      ; 0           ; 0            ; 0       ; 0         ; 0    ; 0            ; |top_level|serial_uart:i_serial_uart ; work         ;
+--------------------------------+-------------------+--------------+-------------+--------------+---------+-----------+------+--------------+--------------------------------------+--------------+
Note: For table entries with two numbers listed, the numbers in parentheses indicate the number of resources of the given type used by the specific entity alone. The numbers listed outside of parentheses indicate the total resources of the given type used by the specific entity and all of its sub-entities in the hierarchy.


Encoding Type:  One-Hot
+------------------------------------------------------------------------------------------------------------------------------+
; State Machine - |top_level|serial_uart:i_serial_uart|tx_state                                                                ;
+----------------------+---------------------+-------------------+--------------------+----------------------+-----------------+
; Name                 ; tx_state.s_stop_bit ; tx_state.s_parity ; tx_state.s_tx_data ; tx_state.s_start_bit ; tx_state.s_idle ;
+----------------------+---------------------+-------------------+--------------------+----------------------+-----------------+
; tx_state.s_idle      ; 0                   ; 0                 ; 0                  ; 0                    ; 0               ;
; tx_state.s_start_bit ; 0                   ; 0                 ; 0                  ; 1                    ; 1               ;
; tx_state.s_tx_data   ; 0                   ; 0                 ; 1                  ; 0                    ; 1               ;
; tx_state.s_parity    ; 0                   ; 1                 ; 0                  ; 0                    ; 1               ;
; tx_state.s_stop_bit  ; 1                   ; 0                 ; 0                  ; 0                    ; 1               ;
+----------------------+---------------------+-------------------+--------------------+----------------------+-----------------+


Encoding Type:  One-Hot
+------------------------------------------------------------------------------------------------------+
; State Machine - |top_level|serial_uart:i_serial_uart|rx_state                                        ;
+---------------------+---------------------+-------------------+--------------------+-----------------+
; Name                ; rx_state.s_stop_bit ; rx_state.s_parity ; rx_state.s_rx_data ; rx_state.s_idle ;
+---------------------+---------------------+-------------------+--------------------+-----------------+
; rx_state.s_idle     ; 0                   ; 0                 ; 0                  ; 0               ;
; rx_state.s_rx_data  ; 0                   ; 0                 ; 1                  ; 1               ;
; rx_state.s_parity   ; 0                   ; 1                 ; 0                  ; 1               ;
; rx_state.s_stop_bit ; 1                   ; 0                 ; 0                  ; 1               ;
+---------------------+---------------------+-------------------+--------------------+-----------------+


+-----------------------------------------------------------------------------------------+
; Registers Removed During Synthesis                                                      ;
+------------------------------------------------+----------------------------------------+
; Register name                                  ; Reason for Removal                     ;
+------------------------------------------------+----------------------------------------+
; serial_uart:i_serial_uart|rx_r                 ; Stuck at GND due to stuck port data_in ;
; serial_uart:i_serial_uart|rx_2r                ; Stuck at GND due to stuck port data_in ;
; serial_uart:i_serial_uart|received_data[7]     ; Stuck at GND due to stuck port data_in ;
; serial_uart:i_serial_uart|rx_byte_int[6]       ; Stuck at GND due to stuck port data_in ;
; serial_uart:i_serial_uart|received_data[6]     ; Stuck at GND due to stuck port data_in ;
; serial_uart:i_serial_uart|tx_bit_cnt_wrap      ; Lost fanout                            ;
; serial_uart:i_serial_uart|tx_bit_no[0..2]      ; Lost fanout                            ;
; serial_uart:i_serial_uart|tx_bit_cnt[0..12]    ; Lost fanout                            ;
; serial_uart:i_serial_uart|tx_bit_cnt_en        ; Lost fanout                            ;
; serial_uart:i_serial_uart|tx_state.s_idle      ; Lost fanout                            ;
; serial_uart:i_serial_uart|tx_state.s_start_bit ; Lost fanout                            ;
; serial_uart:i_serial_uart|tx_state.s_tx_data   ; Lost fanout                            ;
; serial_uart:i_serial_uart|tx_state.s_parity    ; Lost fanout                            ;
; serial_uart:i_serial_uart|tx_state.s_stop_bit  ; Lost fanout                            ;
; serial_uart:i_serial_uart|rx_state.s_parity    ; Stuck at GND due to stuck port data_in ;
; serial_uart:i_serial_uart|rx_byte_int[5]       ; Stuck at GND due to stuck port data_in ;
; serial_uart:i_serial_uart|received_data[5]     ; Stuck at GND due to stuck port data_in ;
; serial_uart:i_serial_uart|received_data[0..4]  ; Lost fanout                            ;
; s_hex0[0..5]                                   ; Stuck at VCC due to stuck port data_in ;
; serial_uart:i_serial_uart|rx_byte_int[0..4]    ; Lost fanout                            ;
; Total Number of Removed Registers = 47         ;                                        ;
+------------------------------------------------+----------------------------------------+


+-----------------------------------------------------------------------------------------------------------------------------------------------------------------+
; Removed Registers Triggering Further Register Optimizations                                                                                                     ;
+-------------------------------------------+---------------------------+-----------------------------------------------------------------------------------------+
; Register name                             ; Reason for Removal        ; Registers Removed due to This Register                                                  ;
+-------------------------------------------+---------------------------+-----------------------------------------------------------------------------------------+
; serial_uart:i_serial_uart|rx_r            ; Stuck at GND              ; serial_uart:i_serial_uart|rx_2r, serial_uart:i_serial_uart|received_data[7],            ;
;                                           ; due to stuck port data_in ; serial_uart:i_serial_uart|rx_byte_int[6],                                               ;
;                                           ;                           ; serial_uart:i_serial_uart|received_data[6],                                             ;
;                                           ;                           ; serial_uart:i_serial_uart|rx_byte_int[5],                                               ;
;                                           ;                           ; serial_uart:i_serial_uart|received_data[5],                                             ;
;                                           ;                           ; serial_uart:i_serial_uart|received_data[4],                                             ;
;                                           ;                           ; serial_uart:i_serial_uart|received_data[0],                                             ;
;                                           ;                           ; serial_uart:i_serial_uart|received_data[1],                                             ;
;                                           ;                           ; serial_uart:i_serial_uart|received_data[2],                                             ;
;                                           ;                           ; serial_uart:i_serial_uart|received_data[3], s_hex0[0], s_hex0[1], s_hex0[2], s_hex0[3], ;
;                                           ;                           ; s_hex0[4], s_hex0[5], serial_uart:i_serial_uart|rx_byte_int[4],                         ;
;                                           ;                           ; serial_uart:i_serial_uart|rx_byte_int[0], serial_uart:i_serial_uart|rx_byte_int[1],     ;
;                                           ;                           ; serial_uart:i_serial_uart|rx_byte_int[2], serial_uart:i_serial_uart|rx_byte_int[3]      ;
; serial_uart:i_serial_uart|tx_bit_cnt_wrap ; Lost Fanouts              ; serial_uart:i_serial_uart|tx_bit_cnt[12], serial_uart:i_serial_uart|tx_bit_cnt[11],     ;
;                                           ;                           ; serial_uart:i_serial_uart|tx_bit_cnt[10], serial_uart:i_serial_uart|tx_bit_cnt[9],      ;
;                                           ;                           ; serial_uart:i_serial_uart|tx_bit_cnt_en                                                 ;
; serial_uart:i_serial_uart|tx_bit_no[0]    ; Lost Fanouts              ; serial_uart:i_serial_uart|tx_bit_no[1], serial_uart:i_serial_uart|tx_bit_no[2],         ;
;                                           ;                           ; serial_uart:i_serial_uart|tx_state.s_tx_data                                            ;
+-------------------------------------------+---------------------------+-----------------------------------------------------------------------------------------+


+------------------------------------------------------+
; General Register Statistics                          ;
+----------------------------------------------+-------+
; Statistic                                    ; Value ;
+----------------------------------------------+-------+
; Total registers                              ; 55    ;
; Number of registers using Synchronous Clear  ; 39    ;
; Number of registers using Synchronous Load   ; 0     ;
; Number of registers using Asynchronous Clear ; 27    ;
; Number of registers using Asynchronous Load  ; 0     ;
; Number of registers using Clock Enable       ; 1     ;
; Number of registers using Preset             ; 0     ;
+----------------------------------------------+-------+


+--------------------------------------------------+
; Inverted Register Statistics                     ;
+----------------------------------------+---------+
; Inverted Register                      ; Fan out ;
+----------------------------------------+---------+
; s_hex0[6]                              ; 1       ;
; Total number of inverted registers = 1 ;         ;
+----------------------------------------+---------+


+---------------------------------------------------------------------------------------------------------------------------------------------------------------------+
; Multiplexer Restructuring Statistics (Restructuring Performed)                                                                                                      ;
+--------------------+-----------+---------------+----------------------+------------------------+------------+-------------------------------------------------------+
; Multiplexer Inputs ; Bus Width ; Baseline Area ; Area if Restructured ; Saving if Restructured ; Registered ; Example Multiplexer Output                            ;
+--------------------+-----------+---------------+----------------------+------------------------+------------+-------------------------------------------------------+
; 3:1                ; 13 bits   ; 26 LEs        ; 13 LEs               ; 13 LEs                 ; Yes        ; |top_level|serial_uart:i_serial_uart|tx_bit_cnt[0]    ;
; 3:1                ; 13 bits   ; 26 LEs        ; 13 LEs               ; 13 LEs                 ; Yes        ; |top_level|serial_uart:i_serial_uart|rx_bit_cnt[2]    ;
; 5:1                ; 7 bits    ; 21 LEs        ; 7 LEs                ; 14 LEs                 ; Yes        ; |top_level|serial_uart:i_serial_uart|received_data[0] ;
; 3:1                ; 3 bits    ; 6 LEs         ; 3 LEs                ; 3 LEs                  ; No         ; |top_level|serial_uart:i_serial_uart|tx_bit_no        ;
; 3:1                ; 3 bits    ; 6 LEs         ; 3 LEs                ; 3 LEs                  ; No         ; |top_level|serial_uart:i_serial_uart|rx_bit_no        ;
+--------------------+-----------+---------------+----------------------+------------------------+------------+-------------------------------------------------------+


+------------------------------------------------------------------------+
; Parameter Settings for User Entity Instance: serial_uart:i_serial_uart ;
+----------------------+-------+-----------------------------------------+
; Parameter Name       ; Value ; Type                                    ;
+----------------------+-------+-----------------------------------------+
; g_reset_active_state ; '0'   ; Enumerated                              ;
; g_serial_speed_bps   ; 9600  ; Signed Integer                          ;
; g_clk_period_ns      ; 20    ; Signed Integer                          ;
; g_parity             ; 0     ; Signed Integer                          ;
+----------------------+-------+-----------------------------------------+
Note: In order to hide this table in the UI and the text report file, please set the "Show Parameter Settings in Synthesis Report" option in "Analysis and Synthesis Settings -> More Settings" to "Off".


+---------------------------------------------------------------------------------------------------------------------------------+
; Port Connectivity Checks: "serial_uart:i_serial_uart"                                                                           ;
+-----------------------+--------+----------+-------------------------------------------------------------------------------------+
; Port                  ; Type   ; Severity ; Details                                                                             ;
+-----------------------+--------+----------+-------------------------------------------------------------------------------------+
; tx                    ; Output ; Info     ; Connected to dangling logic. Logic that only feeds a dangling port will be removed. ;
; received_data_valid   ; Output ; Info     ; Connected to dangling logic. Logic that only feeds a dangling port will be removed. ;
; received_parity_error ; Output ; Info     ; Connected to dangling logic. Logic that only feeds a dangling port will be removed. ;
; transmit_ready        ; Output ; Info     ; Connected to dangling logic. Logic that only feeds a dangling port will be removed. ;
+-----------------------+--------+----------+-------------------------------------------------------------------------------------+


+-------------------------------+
; Elapsed Time Per Partition    ;
+----------------+--------------+
; Partition Name ; Elapsed Time ;
+----------------+--------------+
; Top            ; 00:00:00     ;
+----------------+--------------+


+-------------------------------+
; Analysis & Synthesis Messages ;
+-------------------------------+
Info: *******************************************************************
Info: Running Quartus II 64-Bit Analysis & Synthesis
    Info: Version 13.0.1 Build 232 06/12/2013 Service Pack 1 SJ Web Edition
    Info: Processing started: Mon Apr 24 13:16:09 2023
Info: Command: quartus_map --read_settings_files=on --write_settings_files=off top_level -c top_level
Warning (20028): Parallel compilation is not licensed and has been disabled
Info (12021): Found 2 design units, including 0 entities, in source file seven_seg_pkg.vhd
    Info (12022): Found design unit 1: seven_seg_pkg
    Info (12022): Found design unit 2: seven_seg_pkg-body
Info (12021): Found 2 design units, including 1 entities, in source file serial_uart_rtl.vhd
    Info (12022): Found design unit 1: serial_uart-rtl
    Info (12023): Found entity 1: serial_uart
Info (12021): Found 2 design units, including 1 entities, in source file led_blink.vhd
    Info (12022): Found design unit 1: LED_Blink-rtl
    Info (12023): Found entity 1: LED_Blink
Info (12021): Found 2 design units, including 1 entities, in source file top_level.vhd
    Info (12022): Found design unit 1: top_level-rtl
    Info (12023): Found entity 1: top_level
Info (12127): Elaborating entity "top_level" for the top level hierarchy
Warning (10541): VHDL Signal Declaration warning at top_level.vhd(21): used implicit default value for signal "s_uart_rxd" because signal was never assigned a value or an explicit default value. Use of implicit default value may introduce unintended design optimizations.
Warning (10036): Verilog HDL or VHDL warning at top_level.vhd(22): object "s_uart_txd" assigned a value but never read
Warning (10036): Verilog HDL or VHDL warning at top_level.vhd(24): object "s_received_data_valid" assigned a value but never read
Warning (10036): Verilog HDL or VHDL warning at top_level.vhd(26): object "s_transmit_ready" assigned a value but never read
Warning (10541): VHDL Signal Declaration warning at top_level.vhd(27): used implicit default value for signal "s_transmit_data_valid" because signal was never assigned a value or an explicit default value. Use of implicit default value may introduce unintended design optimizations.
Warning (10541): VHDL Signal Declaration warning at top_level.vhd(28): used implicit default value for signal "s_transmit_data" because signal was never assigned a value or an explicit default value. Use of implicit default value may introduce unintended design optimizations.
Warning (10036): Verilog HDL or VHDL warning at top_level.vhd(32): object "s_uart_rxd_2r" assigned a value but never read
Info (12128): Elaborating entity "serial_uart" for hierarchy "serial_uart:i_serial_uart"
Info (12128): Elaborating entity "LED_Blink" for hierarchy "LED_Blink:i_LED_Blink"
Info (13000): Registers with preset signals will power-up high
Info (13003): DEV_CLRn pin will set, and not reset, register with preset signal due to NOT Gate Push-Back
Warning (13024): Output pins are stuck at VCC or GND
    Warning (13410): Pin "hex0[0]" is stuck at VCC
    Warning (13410): Pin "hex0[1]" is stuck at VCC
    Warning (13410): Pin "hex0[2]" is stuck at VCC
    Warning (13410): Pin "hex0[3]" is stuck at VCC
    Warning (13410): Pin "hex0[4]" is stuck at VCC
    Warning (13410): Pin "hex0[5]" is stuck at VCC
Info (17049): 33 registers lost all their fanouts during netlist optimizations.
Info (16010): Generating hard_block partition "hard_block:auto_generated_inst"
    Info (16011): Adding 0 node(s), including 0 DDIO, 0 PLL, 0 transceiver and 0 LCELL
Info (21057): Implemented 90 device resources after synthesis - the final resource count might be different
    Info (21058): Implemented 2 input pins
    Info (21059): Implemented 9 output pins
    Info (21061): Implemented 79 logic cells
Info: Quartus II 64-Bit Analysis & Synthesis was successful. 0 errors, 15 warnings
    Info: Peak virtual memory: 4620 megabytes
    Info: Processing ended: Mon Apr 24 13:16:11 2023
    Info: Elapsed time: 00:00:02
    Info: Total CPU time (on all processors): 00:00:01


